Performing C SOURCE FILE Test CMAKE_HAVE_LIBC_PTHREAD failed with the following output:
Change Dir: /data/data/com.termux/files/home/source/ffmpegthumbnailer/CMakeFiles/CMakeTmp

Run Build Command(s):/data/data/com.termux/files/usr/bin/make -f Makefile cmTC_502b2/fast && /data/data/com.termux/files/usr/bin/make  -f CMakeFiles/cmTC_502b2.dir/build.make CMakeFiles/cmTC_502b2.dir/build
make[1]: Entering directory '/data/data/com.termux/files/home/source/ffmpegthumbnailer/CMakeFiles/CMakeTmp'
Building C object CMakeFiles/cmTC_502b2.dir/src.c.o
/data/data/com.termux/files/usr/bin/cc -DCMAKE_HAVE_LIBC_PTHREAD  -O2 -g -DNDEBUG -MD -MT CMakeFiles/cmTC_502b2.dir/src.c.o -MF CMakeFiles/cmTC_502b2.dir/src.c.o.d -o CMakeFiles/cmTC_502b2.dir/src.c.o -c /data/data/com.termux/files/home/source/ffmpegthumbnailer/CMakeFiles/CMakeTmp/src.c
/data/data/com.termux/files/home/source/ffmpegthumbnailer/CMakeFiles/CMakeTmp/src.c:13:3: warning: implicit declaration of function 'pthread_cancel' is invalid in C99 [-Wimplicit-function-declaration]
  pthread_cancel(thread);
  ^
1 warning generated.
Linking C executable cmTC_502b2
/data/data/com.termux/files/usr/bin/cmake -E cmake_link_script CMakeFiles/cmTC_502b2.dir/link.txt --verbose=1
/data/data/com.termux/files/usr/bin/cc -O2 -g -DNDEBUG CMakeFiles/cmTC_502b2.dir/src.c.o -o cmTC_502b2 
/data/data/com.termux/files/usr/bin/ld: CMakeFiles/cmTC_502b2.dir/src.c.o: in function `main':
/data/data/com.termux/files/home/source/ffmpegthumbnailer/CMakeFiles/CMakeTmp/src.c:13: undefined reference to `pthread_cancel'
clang-12: error: linker command failed with exit code 1 (use -v to see invocation)
make[1]: *** [CMakeFiles/cmTC_502b2.dir/build.make:100: cmTC_502b2] Error 1
make[1]: Leaving directory '/data/data/com.termux/files/home/source/ffmpegthumbnailer/CMakeFiles/CMakeTmp'
make: *** [Makefile:127: cmTC_502b2/fast] Error 2


Source file was:
#include <pthread.h>

static void* test_func(void* data)
{
  return data;
}

int main(void)
{
  pthread_t thread;
  pthread_create(&thread, NULL, test_func, NULL);
  pthread_detach(thread);
  pthread_cancel(thread);
  pthread_join(thread, NULL);
  pthread_atfork(NULL, NULL, NULL);
  pthread_exit(NULL);

  return 0;
}

Determining if the function pthread_create exists in the pthreads failed with the following output:
Change Dir: /data/data/com.termux/files/home/source/ffmpegthumbnailer/CMakeFiles/CMakeTmp

Run Build Command(s):/data/data/com.termux/files/usr/bin/make -f Makefile cmTC_56fd8/fast && /data/data/com.termux/files/usr/bin/make  -f CMakeFiles/cmTC_56fd8.dir/build.make CMakeFiles/cmTC_56fd8.dir/build
make[1]: Entering directory '/data/data/com.termux/files/home/source/ffmpegthumbnailer/CMakeFiles/CMakeTmp'
Building C object CMakeFiles/cmTC_56fd8.dir/CheckFunctionExists.c.o
/data/data/com.termux/files/usr/bin/cc   -DCHECK_FUNCTION_EXISTS=pthread_create -O2 -g -DNDEBUG -MD -MT CMakeFiles/cmTC_56fd8.dir/CheckFunctionExists.c.o -MF CMakeFiles/cmTC_56fd8.dir/CheckFunctionExists.c.o.d -o CMakeFiles/cmTC_56fd8.dir/CheckFunctionExists.c.o -c /data/data/com.termux/files/usr/share/cmake-3.20/Modules/CheckFunctionExists.c
Linking C executable cmTC_56fd8
/data/data/com.termux/files/usr/bin/cmake -E cmake_link_script CMakeFiles/cmTC_56fd8.dir/link.txt --verbose=1
/data/data/com.termux/files/usr/bin/cc  -DCHECK_FUNCTION_EXISTS=pthread_create -O2 -g -DNDEBUG CMakeFiles/cmTC_56fd8.dir/CheckFunctionExists.c.o -o cmTC_56fd8  -lpthreads 
/data/data/com.termux/files/usr/bin/ld: cannot find -lpthreads
clang-12: error: linker command failed with exit code 1 (use -v to see invocation)
make[1]: *** [CMakeFiles/cmTC_56fd8.dir/build.make:100: cmTC_56fd8] Error 1
make[1]: Leaving directory '/data/data/com.termux/files/home/source/ffmpegthumbnailer/CMakeFiles/CMakeTmp'
make: *** [Makefile:127: cmTC_56fd8/fast] Error 2



